1567777213472	mozrunner::runner	INFO	Running command: "C:\\Program Files (x86)\\Mozilla Firefox\\firefox.exe" "-marionette" "-foreground" "-no-remote" "-profile" "C:\\Users\\ADMINI~1\\AppData\\Local\\Temp\\rust_mozprofile.gU3HaYTYq8hb"
1567777217600	addons.webextension.screenshots@mozilla.org	WARN	Loading extension 'screenshots@mozilla.org': Reading manifest: Invalid extension permission: mozillaAddons
1567777217601	addons.webextension.screenshots@mozilla.org	WARN	Loading extension 'screenshots@mozilla.org': Reading manifest: Invalid extension permission: telemetry
1567777217602	addons.webextension.screenshots@mozilla.org	WARN	Loading extension 'screenshots@mozilla.org': Reading manifest: Invalid extension permission: resource://pdf.js/
1567777217602	addons.webextension.screenshots@mozilla.org	WARN	Loading extension 'screenshots@mozilla.org': Reading manifest: Invalid extension permission: about:reader*
[GFX1-]: PossiblyBrokenSurfaceSharing_UnexpectedAMDGPU
[GFX1-]: PossiblyBrokenSurfaceSharing_UnexpectedAMDGPU
JavaScript error: resource://gre/modules/XULStore.jsm, line 66: Error: Can't find profile directory.
[GFX1-]: PossiblyBrokenSurfaceSharing_UnexpectedAMDGPU
[GFX1-]: PossiblyBrokenSurfaceSharing_UnexpectedAMDGPU
1567777227080	Marionette	INFO	Listening on port 49496
1567777227494	Marionette	WARN	TLS certificate errors will be ignored for this session
JavaScript error: resource://gre/modules/XULStore.jsm, line 66: Error: Can't find profile directory.
[Child 5192, Chrome_ChildThread] WARNING: pipe error: 109: file z:/task_1566861941/build/src/ipc/chromium/src/chrome/common/ipc_channel_win.cc, line 341
[Child 5192, Chrome_ChildThread] WARNING: pipe error: 109: file z:/task_1566861941/build/src/ipc/chromium/src/chrome/common/ipc_channel_win.cc, line 341
[Child 4288, Chrome_ChildThread] WARNING: pipe error: 109: file z:/task_1566861941/build/src/ipc/chromium/src/chrome/common/ipc_channel_win.cc, line 341
[Child 2560, Chrome_ChildThread] WARNING: pipe error: 109: file z:/task_1566861941/build/src/ipc/chromium/src/chrome/common/ipc_channel_win.cc, line 341
[Child 2560, Chrome_ChildThread] WARNING: pipe error: 109: file z:/task_1566861941/build/src/ipc/c[Parent 3752, Gecko_IOThread] WARNING: file z:/task_1566861941/build/src/ipc/chromium/src/base/process_util_win.cc, line 160
1567777292030	Marionette	INFO	Stopped listening on port 49496

###!!! [Child][RunMessage] Error: Channel closing: too late to send/recv, messages will be lost

[GPU 2272, Chrome_ChildThread] WARNING: ssiblyBrokenSurfaceSharing_UnexpectedAMDGPU
JavaScript error: resource://gre/modules/XULStore.jsm, line 66: Error: Can't find profile directory.
[GFX1-]: PossiblyBrokenSurfaceSharing_UnexpectedAMDGPU
1567777262640	Marionette	INFO	Listening on port 49587
1567777262731	Marionette	WARN	TLS certificate errors will be ignored for this session
JavaScript error: resource://gre/modules/XULStore.jsm, line 66: Error: Can't find profile directory.
[Parent 5996, Gecko_IOThread] WARNING: pipe error: 109: file z:/task_1566861941/build/src/ipc/chromium/src/chrome/common/ipc_channel_win.cc, line 341
[Child 5912, Chrome_ChildThread] WARNING: pipe error: 109: file z:/task_1566861941/build/src/ipc/chromium/src/chrome/common/ipc_channel_win.cc, line 341
[Child 5912, Chrome_ChildThread] WARNING: pipe error: 109: file z:/task_1566861941/build/src/ipc/chromium/src/chrome/common/ipc_channel_win.cc, line 341
[Child 5576, Chrome_ChildThread] WARNING: pipe error: 109: file z:/task_1566861941/build/src/ipc/chromium/src/chrome/common/ipc_channel_win.cc, line 341
[Child 5516, Chrome_ChildThread] WARNING: pipe error: 109: file z:/task_1566861941/build/src/ipc/chromium/src/chrome/common/ipc_channel_win.cc, line 341
[Child 5516, Chrome_ChildThread] WARNING: pipe error: 109: file z:/task_1566861941/build/src/ipc/chromium/src/chrome/common/ipc_channel_win.cc, line 341
1567777296012	Marionette	INFO	Stopped listening on port 49587

###!!! [Child][RunMessage] Error: Channel closing: too late to send/recv, messages will be lost

[GPU 5144, Chrome_ChildThr1567777308919	mozrunner::runner	INFO	Running command: "C:\\Program Files (x86)\\Mozilla Firefox\\firefox.exe" "-marionette" "-foreground" "-no-remote" "-profile" "C:\\Users\\ADMINI~1\\AppData\\Local\\Temp\\rust_mozprofile.1gaW9FpIg53U"
1567777311099	addons.webextension.screenshots@mozilla.org	WARN	Loading extension 'screenshots@mozilla.org': Reading manifest: Invalid extension permission: mozillaAddons
1567777311100	addons.webextension.screenshots@mozilla.org	WARN	Loading extension 'screenshots@mozilla.org': Reading manifest: Invalid extension permission: telemetry
1567777311100	addons.webextension.screenshots@mozilla.org	WARN	Loading extension 'screenshots@mozilla.org': Reading manifest: Invalid extension permission: resource://pdf.js/
1567777311101	addons.webextension.screenshots@mozilla.org	WARN	Loading extension 'screenshots@mozilla.org': Reading manifest: Invalid extension permission: about:reader*
[GFX1-]: PossiblyBrokenSurfaceSharing_UnexpectedAMDGPU
[GFX1-]: PossiblyBrokenSurfaceSharing_UnexpectedAMDGPU
[GFX1-]: PossiblyBrokenSurfaceSharing_UnexpectedAMDGPU
JavaScript error: resource://gre/modules/XULStore.jsm, line 66: Error: Can't find profile directory.
[GFX1-]: PossiblyBrokenSurfaceSharing_UnexpectedAMDGPU
1567777316605	Marionette	INFO	Listening on port 49675
1567777316685	Marionette	WARN	TLS certificate errors will be ignored for this session
JavaScript error: https://ss1.bdstatic.com/5eN1bjq8AAUYm2zgoY3K/r/www/cache/static/protocol/https/plugins/every_cookie_4644b13.js, line 4: ReferenceError: c is not defined
1567777339500	Marionette	INFO	Stopped listening on port 49675
[Child 5568, Chrome_ChildThread] WARNING: pipe error: 109: file z:/task_1566861941/build/src/ipc/chromium/src/chrome/common/ipc_channel_win.cc, line 341
[Child 5568, Chrome_ChildThread] WARNING: pipe error: 109: file z:/task_1566861941/build/src/ipc/chromium/src/chrome/common/ipc_channel_win.cc, line 341
[Child 4968, Chrome_ChildThread] WARNING: pipe error: 109: file z:/task_1566861941/build/src/ipc/chromium/src/chrome/common/ipc_channel_win.cc, line 341
[Child 4968, Chrome_ChildThread] WARNING: pipe error: 109: file z:/task_1566861941/build/src/ipc/chromium/src/
###!!! [Child][RunMessage] Error: Channel closing: too late to send/recv, messages will be lost

chrome/common/ipc_c
###!!! [Child][RunMessage] Error: Channel closing: too late to send/recv, messages will be lost

hannel_win.cc, line 341

###!!! [Child][RunMessage] Error: Channel closing: too late to send/recv, messages will be lost


###!!! [Child][RunMessage] Error: Channel closing: too late to send/recv, messages will be lost


###!!! [Child][RunMessage] Error: Channel closing: too late to send/recv, messages will be lost


###!!! [Child][RunMessage] Error: Channel closing: too late to send/recv, messages will be lost

[Child 3008, Chrome_ChildThread] WARNING: pipe error: 109: file z:/task_1566861941/build/src/ipc/chromium/src/chrome/common/ipc_channel_win.cc, line 341
[Child 3008, Chrome_ChildThread] WARNING: pipe error: 109: file z:/t1567777346875	mozrunner::runner	INFO	Running command: "C:\\Program Files (x86)\\Mozilla Firefox\\firefox.exe" "-marionette" "-foreground" "-no-remote" "-profile" "C:\\Users\\ADMINI~1\\AppData\\Local\\Temp\\rust_mozprofile.WoHupOKFNPit"
1567777348553	addons.webextension.screenshots@mozilla.org	WARN	Loading extension 'screenshots@mozilla.org': Reading manifest: Invalid extension permission: mozillaAddons
1567777348554	addons.webextension.screenshots@mozilla.org	WARN	Loading extension 'screenshots@mozilla.org': Reading manifest: Invalid extension permission: telemetry
1567777348554	addons.webextension.screenshots@mozilla.org	WARN	Loading extension 'screenshots@mozilla.org': Reading manifest: Invalid extension permission: resource://pdf.js/
1567777348554	addons.webextension.screenshots@mozilla.org	WARN	Loading extension 'screenshots@mozilla.org': Reading manifest: Invalid extension permission: about:reader*
[GFX1-]: PossiblyBrokenSurfaceSharing_UnexpectedAMDGPU
[GFX1-]: PossiblyBrokenSurfaceSharing_UnexpectedAMDGPU
[GFX1-]: PossiblyBrokenSurfaceSharing_UnexpectedAMDGPU
JavaScript error: resource://gre/modules/XULStore.jsm, line 66: Error: Can't find profile directory.
[GFX1-]: PossiblyBrokenSurfaceSharing_UnexpectedAMDGPU
1567777353218	Marionette	INFO	Listening on port 49784
1567777353412	Marionette	WARN	TLS certificate errors will be ignored for this session
JavaScript error: https://ss1.bdstatic.com/5eN1bjq8AAUYm2zgoY3K/r/www/cache/static/protocol/https/plugins/every_cookie_4644b13.js, line 4: ReferenceError: c is not defined
1567777359464	Marionette	INFO	Stopped listening on port 49784
JavaScript error: resource://gre/modules/UrlClassifierListManager.jsm, line 680: TypeError: this.tablesData[table] is undefined
[Child 5696, Chrome_ChildThread] WARNING: pipe error: 109: file z:/task_1566861941/build[Child 5232, Chrome_ChildThread] WARNING: pipe error: 109: file z:/task_1566861941/build/src/ipc/chromium/src/chrome/common/ipc_channel_win.cc, line 341
[Child 5232, Chrome_ChildThread] WARNING: pipe error: 109: file z:/task_1566861941/build/src/ipc/chromium/src/chrome/common/ipc_channel_win.cc, line 341
[Child 5548, Chrome_ChildThread] WARNING: pipe error: 109: file z:/task_1566861941/build/src/ipc/chromium/src/chrome/common/ipc_channel_win.cc, line 341
[Child 5548, Chrome_ChildThread] WARNING: pipe error: 109: file z:/task_1566861941/build/src/ipc/chromium/
###!!! [Child][RunMessage] Error: Channel closing: too late to send/recv, messages will be lost

[GPU 1740, Chrome_ChildThread] WARNING: pipe error: 109: file z:/task_1566861941/1567779777667	mozrunner::runner	INFO	Running command: "C:\\Program Files (x86)\\Mozilla Firefox\\firefox.exe" "-marionette" "-foreground" "-no-remote" "-profile" "C:\\Users\\ADMINI~1\\AppData\\Local\\Temp\\rust_mozprofile.mAD01tpsWhzn"
1567779779186	addons.webextension.screenshots@mozilla.org	WARN	Loading extension 'screenshots@mozilla.org': Reading manifest: Invalid extension permission: mozillaAddons
1567779779186	addons.webextension.screenshots@mozilla.org	WARN	Loading extension 'screenshots@mozilla.org': Reading manifest: Invalid extension permission: telemetry
1567779779187	addons.webextension.screenshots@mozilla.org	WARN	Loading extension 'screenshots@mozilla.org': Reading manifest: Invalid extension permission: resource://pdf.js/
1567779779187	addons.webextension.screenshots@mozilla.org	WARN	Loading extension 'screenshots@mozilla.org': Reading manifest: Invalid extension permission: about:reader*
[GFX1-]: PossiblyBrokenSurfaceSharing_UnexpectedAMDGPU
[GFX1-]: PossiblyBrokenSurfaceSharing_UnexpectedAMDGPU
[GFX1-]: PossiblyBrokenSurfaceSharing_UnexpectedAMDGPU
JavaScript error: resource://gre/modules/XULStore.jsm, line 66: Error: Can't find profile directory.
[GFX1-]: PossiblyBrokenSurfaceSharing_UnexpectedAMDGPU
1567779784486	Marionette	INFO	Listening on port 51985
1567779784825	Marionette	WARN	TLS certificate errors will be ignored for this session
1567779792044	Marionette	INFO	Stopped listening on port 51985
[Child 5364, Chrome_ChildThread] WARNING: pipe error: 109: file z:/task_1566861941/build/src/ipc/chromium/src/chrome/common/ipc_channel_win.cc, line 341
[Child 6684, Chrome_ChildThread] WARNING: pipe error: 109: file z:/task_1566861941/build/src/ipc/chromium/src/chrome/common/ipc_channel_win.cc, line 341
[Child 5340, Chrome_ChildThread] WARNING: pipe error: 109: file z:/task_1566861941/build/src/ipc/chromium/src/chrome/common/ipc_channel_win.cc, line 341
[Child 5340, Chrome_ChildThread] WARNING: pipe error: 109: file z:/task_1566861941/build/src/ipc/chromium/src/chrome/common/ipc_channel_win.cc, line 341
[GPU
###!!! [Child][RunMessage] Error: Channel closing: too late to send/recv, messages will be lost

 4516, Chrome_ChildThread] WARNING: pipe error: 109: file z:/task_1566861941/build/src/ipc/c1568036263210	mozrunner::runner	INFO	Running command: "C:\\Program Files (x86)\\Mozilla Firefox\\firefox.exe" "-marionette" "-foreground" "-no-remote" "-profile" "C:\\Users\\ADMINI~1\\AppData\\Local\\Temp\\rust_mozprofile.tfmEkwEBoHOj"
1568036269618	addons.webextension.screenshots@mozilla.org	WARN	Loading extension 'screenshots@mozilla.org': Reading manifest: Invalid extension permission: mozillaAddons
1568036269618	addons.webextension.screenshots@mozilla.org	WARN	Loading extension 'screenshots@mozilla.org': Reading manifest: Invalid extension permission: telemetry
1568036269619	addons.webextension.screenshots@mozilla.org	WARN	Loading extension 'screenshots@mozilla.org': Reading manifest: Invalid extension permission: resource://pdf.js/
1568036269619	addons.webextension.screenshots@mozilla.org	WARN	Loading extension 'screenshots@mozilla.org': Reading manifest: Invalid extension permission: about:reader*
[GFX1-]: PossiblyBrokenSurfaceSharing_UnexpectedAMDGPU
[GFX1-]: PossiblyBrokenSurfaceSharing_UnexpectedAMDGPU
JavaScript error: resource://gre/modules/XULStore.jsm, line 66: Error: Can't find profile directory.
[GFX1-]: PossiblyBrokenSurfaceSharing_UnexpectedAMDGPU
[GFX1-]: PossiblyBrokenSurfaceSharing_UnexpectedAMDGPU
[Child 4868, Chrome_ChildT[GFX1-]: PossiblyBrokenSurfaceSharing_UnexpectedAMDGPU
1568036283092	Marionette	INFO	Listening on port 49228
1568036283814	Marionette	WARN	TLS certificate errors will be ignored for this session
1568036293818	Marionette	INFO	Stopped listening on port 49228
[Child 1536, Chrome_ChildThread] WARNING: pipe error: 109: file z:/task_1566861941/build/src/ipc/chromium/src/chrome/common/ipc_channel_win.cc, line 341
[Child 1536, Chrome_ChildThread] WARNING: pipe error: 109: file z:/task_1566861941/build/src/ipc/chromium/src/chrome/common/ipc_channel_win.cc, line 341
[Parent 1712, Gecko_IOThread] WARNING: pipe error: 109: file z:/task_1566861941/build/src/ipc/chromium/src/chrome/common/ipc_channel_win.cc, line 341
[Child 2892, Chrome_ChildThread] WARNING: pipe error: 109: file z:/task_1566861941/build/src/ipc/chromium/src/chrome/common/ipc_channel_win.cc, line 341
[Child 2892, Chrome_ChildThread] WARNING: pipe error: 109: file z:/task_1566861941/build/src/ipc/chromium/src/chrome/common/ipc_channel_win.cc, line 341

###!!! [Child][RunMessage] Error: Channel closing: too late to send/recv, messages will be lost

[Child 3880, Chrome_ChildThread] WARNING: pipe error: 109: file z:/task_1566861941/build/src/ipc/chromium/src/chrome/common/ipc_channel_win.cc, line 341
[Child 3880, Chrome_ChildThread] WARNING: pipe error: 109: file z:/task_1566861941/build/src/ipc/chromium/src/chrome/common/ipc_channel_win.cc, line 341

###!!! [Child][RunMessage] Error: Channel closing: too late to send/recv, messages will be lost


###!!! [Child][MessageChannel::SendAndWait] Error: Channel error: cannot send/recv

1568036417958	mozrunner::runner	INFO	Running command: "C:\\Program Files (x86)\\Mozilla Firefox\\firefox.exe" "-marionette" "-foreground" "-no-remote" "-profile" "C:\\Users\\ADMINI~1\\AppData\\Local\\Temp\\rust_mozprofile.wD7DhMDGSzBK"
1568036419629	addons.webextension.screenshots@mozilla.org	WARN	Loading extension 'screenshots@mozilla.org': Reading manifest: Invalid extension permission: mozillaAddons
1568036419629	addons.webextension.screenshots@mozilla.org	WARN	Loading extension 'screenshots@mozilla.org': Reading manifest: Invalid extension permission: telemetry
1568036419630	addons.webextension.screenshots@mozilla.org	WARN	Loading extension 'screenshots@mozilla.org': Reading manifest: Invalid extension permission: resource://pdf.js/
1568036419630	addons.webextension.screenshots@mozilla.org	WARN	Loading extension 'screenshots@mozilla.org': Reading manifest: Invalid extension permission: about:reader*
[GFX1-]: PossiblyBrokenSurfaceSharing_UnexpectedAMDGPU
[GFX1-]: PossiblyBrokenSurfaceSharing_UnexpectedAMDGPU
JavaScript error: resource://gre/modules/XULStore.jsm, line 66: Error: Can't find profile directory.
[GFX1-]: PossiblyBrokenSurfaceSharing_UnexpectedAMDGPU
[GFX1-]: PossiblyBrokenSurfaceSharing_UnexpectedAMDGPU
1568036425042	Marionette	INFO	Listening on port 49333
1568036425271	Marionette	WARN	TLS certificate errors will be ignored for this session
JavaScript error: https://ss1.bdstatic.com/5eN1bjq8AAUYm2zgoY3K/r/www/cache/static/protocol/https/plugins/every_cookie_4644b13.js, line 4: ReferenceError: c is not defined
1568036458260	Marionette	INFO	Stopped listening on port 49333
[Child 4212, Chrome_ChildThread] WARNING: pipe error: 109: file z:/task_1566861941/build/src/ipc/chromium/src/chrome/common/ipc_channel_win.cc, line 341
[Child 4212, Chrome_ChildThread] WARNING: pipe error: 109: file z:/task_1566861941/build/src/ipc/chromium/src/chrome/common/ipc_channel_win.cc, line 341
[Child 3976, Chrome_ChildThread] WARNING: pipe error: 109: file z:/task_1566861941/build/src/ipc/chromium/src/chrome/common/ipc_channel_win.cc, line 341
[Child 3976, Chrome_ChildThread] WARNING: pipe error: 109: f[Child 2508, Chrome_ChildThread] WARNING: pipe error: 109: file z:/task_1566861941/build/src/ipc/chromium/src/chrome/common/ipc_channel_win.cc, line 341
[Child 2508, Chrome_ChildThread] WARNING: pipe error: 109: file z:/task_1566861941/build/src/ipc/chromium/src/chrome/common/ipc_channel_win.cc, line 341

###!!! [Child][RunMessage] Error: Channel closing: too late to send/recv, messages will be lost

[GPU 3812, Chrome_ChildThread] WARNING: pipe error: 109: file z:/task_15
###!!! [Child][MessageChannel::SendAndWait] Error: (msgtype=0x560005,name=PImageBridge::Msg_WillClose) Channel error: cannot send/recv

1568036677761	mozrunner::runner	INFO	Running command: "C:\\Program Files (x86)\\Mozilla Firefox\\firefox.exe" "-marionette" "-foreground" "-no-remote" "-profile" "C:\\Users\\ADMINI~1\\AppData\\Local\\Temp\\rust_mozprofile.jDn7phPxE9ap"
1568036679390	addons.webextension.screenshots@mozilla.org	WARN	Loading extension 'screenshots@mozilla.org': Reading manifest: Invalid extension permission: mozillaAddons
1568036679391	addons.webextension.screenshots@mozilla.org	WARN	Loading extension 'screenshots@mozilla.org': Reading manifest: Invalid extension permission: telemetry
1568036679391	addons.webextension.screenshots@mozilla.org	WARN	Loading extension 'screenshots@mozilla.org': Reading manifest: Invalid extension permission: resource://pdf.js/
1568036679392	addons.webextension.screenshots@mozilla.org	WARN	Loading extension 'screenshots@mozilla.org': Reading manifest: Invalid extension permission: about:reader*
[GFX1-]: PossiblyBrokenSurfaceSharing_UnexpectedAMDGPU
[GFX1-]: PossiblyBrokenSurfaceSharing_UnexpectedAMDGPU
[GFX1-]: PossiblyBrokenSurfaceSharing_UnexpectedAMDGPU
JavaScript error: resource://gre/modules/XULStore.jsm, line 66: Error: Can't find profile directory.
[GFX1-]: PossiblyBrokenSurfaceSharing_UnexpectedAMDGPU
1568036684560	Marionette	INFO	Listening on port 49443
1568036684664	Marionette	WARN	TLS certificate errors will be ignored for this session
JavaScript error: https://ss1.bdstatic.com/5eN1bjq8AAUYm2zgoY3K/r/www/cache/static/protocol/https/plugins/every_cookie_4644b13.js, line 4: ReferenceError: c is not defined
1568036716864	Marionette	INFO	Stopped listening on port 49443
[Parent 2256, Gecko_IOThread] WARNING: pipe error: 109: file z:/task_1566861941/build/src/ipc/chromium/src/chrome/common/ipc_channel_win.cc, line 341
[Child 1564, Chrome_ChildThread] WARNING: pipe error: 109: file z:/task_1566861941/build/src/ipc/chromium/src/chrome/common/ipc_channel_win.cc, line 341
[Child 3492, Chrome_ChildThread] WARNING: pipe error: 109: file z:/task_1566861941/build/src/ipc/chromium/src/chrome/common/ipc_channel_win.cc, line 341
[Child 3492, Chrome_ChildThread] WARNING: pipe error: 109: file z:/task_1566861941/build/src/ipc/chromium/src/chrome/common/ipc_channel_win.cc, line 341
[Child 4488, Chrome_ChildThread] WARNING: pipe error: 109: file z:/task_1566861941/build/src/ipc/chromium/src/chrome/common/ipc_channel_win.cc, line 341
[Child 4488, Chrome_ChildThread] WARNING: pipe error: 109: file z:/task_1566861941/build/src/ipc/chromium/src/chrome/common/ipc_channel_win.cc, line 341

###!!! [Child][RunMessage] Error: Channel closing: too late to send/recv, messages will be lost

[GPU 4528, Chrome_ChildThread] WARNING: pipe error: 109: file z:/task_1566861941/build/src/ipc/1568037175184	mozrunner::runner	INFO	Running command: "C:\\Program Files (x86)\\Mozilla Firefox\\firefox.exe" "-marionette" "-foreground" "-no-remote" "-profile" "C:\\Users\\ADMINI~1\\AppData\\Local\\Temp\\rust_mozprofile.ccb36VbJNQhA"
1568037176961	addons.webextension.screenshots@mozilla.org	WARN	Loading extension 'screenshots@mozilla.org': Reading manifest: Invalid extension permission: mozillaAddons
1568037176961	addons.webextension.screenshots@mozilla.org	WARN	Loading extension 'screenshots@mozilla.org': Reading manifest: Invalid extension permission: telemetry
1568037176962	addons.webextension.screenshots@mozilla.org	WARN	Loading extension 'screenshots@mozilla.org': Reading manifest: Invalid extension permission: resource://pdf.js/
1568037176962	addons.webextension.screenshots@mozilla.org	WARN	Loading extension 'screenshots@mozilla.org': Reading manifest: Invalid extension permission: about:reader*
[GFX1-]: PossiblyBrokenSurfaceSharing_UnexpectedAMDGPU
[GFX1-]: PossiblyBrokenSurfaceSharing_UnexpectedAMDGPU
[GFX1-]: PossiblyBrokenSurfaceSharing_UnexpectedAMDGPU
JavaScript error: resource://gre/modules/XULStore.jsm, line 66: Error: Can't find profile directory.
[GFX1-]: PossiblyBrokenSurfaceSharing_UnexpectedAMDGPU
1568037181707	Marionette	INFO	Listening on port 49796
1568037181737	Marionette	WARN	TLS certificate errors will be ignored for this session
JavaScript error: https://ss1.bdstatic.com/5eN1bjq8AAUYm2zgoY3K/r/www/cache/static/protocol/https/plugins/every_cookie_4644b13.js, line 4: ReferenceError: c is not defined
1568037213781	Marionette	INFO	Stopped listening on port 49796
[Parent 2880, Gecko_IOThread] WARNING: pipe error: 109: file z:/task_1566861941/build/src/ipc/chromium/src/chrome/common/ipc_channel_win.cc, line 341
[Child 5156, Chrome_ChildThread] WARNING: pipe error: 109: file z:/task_1566861941/build/src/ipc/chromium/src/chrome/common/ipc_channel_win.cc, line 341
[Child 5156, Chrome_ChildThread] WARNING: pipe error: 109: file z:/task_1566861941/build/src/ipc/chromium/src/chrome/common/ipc_channel_win.cc, line 341
[Child 5272, Chrome_ChildThread] WARNING: pipe error: 109: file z:/task_1566861941/build/src/ipc/chromium/src/chrome/common/ipc_channel_win.cc, line 341
[Child 5272, Chrome_ChildThread] WARNING: pipe error: 109: file z:/task_1566861941/build/src/ipc/chromium/src/chrome/common/ipc_channel_win.cc, line 341
[Child 3360, Chrome_ChildThread] WARNING: pipe error: 109: file z:/task_1566861941/build/src/ipc/chromium/src/chrome/common/ipc_channel_win.cc, line 341
[Child 3360, Chrome_ChildThread] WARNING: pipe error: 109: file z:/task_1566861941/build/src/ipc/chromium/src/chrome/common/ipc_channel_win.cc, line 341
[GPU 4676, Chrome_ChildThread] WARNING: pipe error[Parent 2880, Gecko_IOThread] WARNING: pipe error: 232: file z:/task_1566861941/build/src/ipc/chromium/src/chrome/common/ipc_channel_win.cc, line 502

###!!! [Child][MessageChannel::SendAndWait] Error: (msgtype=0x560005,name=PImageBridge::Msg_WillClose) Channel error: cannot send/recv

1568037446962	mozrunner::runner	INFO	Running command: "C:\\Program Files (x86)\\Mozilla Firefox\\firefox.exe" "-marionette" "-foreground" "-no-remote" "-profile" "C:\\Users\\ADMINI~1\\AppData\\Local\\Temp\\rust_mozprofile.SFhuE9QQHVmx"
1568037448763	addons.webextension.screenshots@mozilla.org	WARN	Loading extension 'screenshots@mozilla.org': Reading manifest: Invalid extension permission: mozillaAddons
1568037448763	addons.webextension.screenshots@mozilla.org	WARN	Loading extension 'screenshots@mozilla.org': Reading manifest: Invalid extension permission: telemetry
1568037448764	addons.webextension.screenshots@mozilla.org	WARN	Loading extension 'screenshots@mozilla.org': Reading manifest: Invalid extension permission: resource://pdf.js/
1568037448764	addons.webextension.screenshots@mozilla.org	WARN	Loading extension 'screenshots@mozilla.org': Reading manifest: Invalid extension permission: about:reader*
[GFX1-]: PossiblyBrokenSurfaceSharing_UnexpectedAMDGPU
[GFX1-]: PossiblyBrokenSurfaceSharing_UnexpectedAMDGPU
[GFX1-]: PossiblyBrokenSurfaceSharing_UnexpectedAMDGPU
JavaScript error: resource://gre/modules/XULStore.jsm, line 66: Error: Can't find profile directory.
[GFX1-]: PossiblyBrokenSurfaceSharing_UnexpectedAMDGPU
1568037453978	Marionette	INFO	Listening on port 50103
1568037454132	Marionette	WARN	TLS certificate errors will be ignored for this session
JavaScript error: https://ss1.bdstatic.com/5eN1bjq8AAUYm2zgoY3K/r/www/cache/static/protocol/https/plugins/every_cookie_4644b13.js, line 4: ReferenceError: c is not defined
1568037466080	Marionette	INFO	Stopped listening on port 50103
[Child 5316, Chrome_ChildThread] WARNING: pipe error: 109: file z:/task_1566861941/build/src/ipc/chromium/src/chrome/common/ipc_channel_win.cc, line 341
[Child 5316, Chrome_ChildThread] WARNING: pipe error: 109: file z:/task_1566861941/build/src/ipc/chromium/src/chrome/common/ipc_channel_win.cc, line 341
[Child 6068, Chrome_ChildThread] WARNING: pipe error: 109: file z:/task_1566861941/build/src/ipc/chromium/src/chrome/common/ipc_channel_win.cc, line 341
[Child 6068, Chrome_ChildThread] WARNING: pipe error: 109: file z:/task_1566861941/build/src/ipc/chromium/src/chrome/common/ipc_channel_win.cc, line 341
[Child 5200, Chrome_ChildThread] WARNING: pipe error: 109: file z:/task_1566861941/build/src/ipc/chromium/src/chrome/common/ipc_channel_win.cc, line 341
[Child 5200, Chrome_ChildThread] WARNING: pipe error: 109: file z:/task_1566861941/build/src/ipc/chromium/src/chrome/common/ipc_channel_win.cc, line 341

###!!! [Child][RunMessage] Error: Channel closing: too late to send/recv, messages will be lost

1568037512089	mozrunner::runner	INFO	Running command: "C:\\Program Files (x86)\\Mozilla Firefox\\firefox.exe" "-marionette" "-foreground" "-no-remote" "-profile" "C:\\Users\\ADMINI~1\\AppData\\Local\\Temp\\rust_mozprofile.JItiJawcXO8L"
1568037513749	addons.webextension.screenshots@mozilla.org	WARN	Loading extension 'screenshots@mozilla.org': Reading manifest: Invalid extension permission: mozillaAddons
1568037513750	addons.webextension.screenshots@mozilla.org	WARN	Loading extension 'screenshots@mozilla.org': Reading manifest: Invalid extension permission: telemetry
1568037513750	addons.webextension.screenshots@mozilla.org	WARN	Loading extension 'screenshots@mozilla.org': Reading manifest: Invalid extension permission: resource://pdf.js/
1568037513751	addons.webextension.screenshots@mozilla.org	WARN	Loading extension 'screenshots@mozilla.org': Reading manifest: Invalid extension permission: about:reader*
[GFX1-]: PossiblyBrokenSurfaceSharing_UnexpectedAMDGPU
[GFX1-]: PossiblyBrokenSurfaceSharing_UnexpectedAMDGPU
[GFX1-]: PossiblyBrokenSurfaceSharing_UnexpectedAMDGPU
JavaScript error: resource://gre/modules/XULStore.jsm, line 66: Error: Can't find profile directory.
[GFX1-]: PossiblyBrokenSurfaceSharing_UnexpectedAMDGPU
1568037518908	Marionette	INFO	Listening on port 50221
1568037519295	Marionette	WARN	TLS certificate errors will be ignored for this session
1568037551872	Marionette	INFO	Stopped listening on port 50221
[Child 5244, Chrome_ChildThread] WARNING: pipe error: 109: file z:/task_1566861941/build/src/ipc/chromium/src/chrome/common/ipc_channel_win.cc, line 341
[Child 4952, Chrome_ChildThread] WARNING: pipe error: 109: file z:/task_1566861941/build/src/ipc/chromium/src/chrome/common/ipc_channel_win.cc, line 341
[Child 4952, Chrome_ChildThread] WARNING: pipe error: 109: file z:/task_1566861941/build/src/ipc/chromium/src/chrome/common/ipc_channel_win.cc, line 341
[Parent 2216, Gecko_IOThread] WARNING: pipe error: 109: file z:/task_1566861941/build/src/ipc/chromium/src/chrome/common/ipc_channel_win.cc, line 341
[Child 5672, Chrome_ChildThread] WAR[GPU
###!!! [Child][RunMessage] Error: Channel closing: too late to send/recv, messages will be lost

 3372, Chrome_ChildThread] WARNING: pipe error: 109: file z:/task_15668619
###!!! [Child][MessageChannel::SendAndWait] Error: (msgtype=0x560005,name=PImageBridge::Msg_WillClose) Channel error: cannot send/recv

1568037643195	mozrunner::runner	INFO	Running command: "C:\\Program Files (x86)\\Mozilla Firefox\\firefox.exe" "-marionette" "-foreground" "-no-remote" "-profile" "C:\\Users\\ADMINI~1\\AppData\\Local\\Temp\\rust_mozprofile.loP39yQrBsbl"
1568037644889	addons.webextension.screenshots@mozilla.org	WARN	Loading extension 'screenshots@mozilla.org': Reading manifest: Invalid extension permission: mozillaAddons
1568037644890	addons.webextension.screenshots@mozilla.org	WARN	Loading extension 'screenshots@mozilla.org': Reading manifest: Invalid extension permission: telemetry
1568037644891	addons.webextension.screenshots@mozilla.org	WARN	Loading extension 'screenshots@mozilla.org': Reading manifest: Invalid extension permission: resource://pdf.js/
1568037644891	addons.webextension.screenshots@mozilla.org	WARN	Loading extension 'screenshots@mozilla.org': Reading manifest: Invalid extension permission: about:reader*
[GFX1-]: PossiblyBrokenSurfaceSharing_UnexpectedAMDGPU
[GFX1-]: PossiblyBrokenSurfaceSharing_UnexpectedAMDGPU
[GFX1-]: PossiblyBrokenSurfaceSharing_UnexpectedAMDGPU
JavaScript error: resource://gre/modules/XULStore.jsm, line 66: Error: Can't find profile directory.
[GFX1-]: PossiblyBrokenSurfaceSharing_UnexpectedAMDGPU
1568037649917	Marionette	INFO	Listening on port 50401
1568037650352	Marionette	WARN	TLS certificate errors will be ignored for this session
JavaScript error: https://ss1.bdstatic.com/5eN1bjq8AAUYm2zgoY3K/r/www/cache/static/protocol/https/plugins/every_cookie_4644b13.js, line 4: ReferenceError: c is not defined
1568037659157	Marionette	INFO	Stopped listening on port 50401
JavaScript error: resource://gre/modules/UrlClassifierListManager.jsm, line 680: TypeError: this.tablesData[table] is undefined
[Child 4932, Chrome_ChildThread] WARNING: pipe error: 109: file z:/task_1566861941/build/src/ipc/chromium/src/chrome/common/ipc_channel_win.cc, line 341
[Child 4932, Chrome_ChildThread] WARNING: pipe error: 109: file z:/ta[Child 308, Chrome_ChildThread] WARNING: pipe error: 109: file z:/task_1566861941/build/src/ipc/chromium/src/chrome/common/ipc_channel_win.cc, line 341
[Child 308, Chrome_ChildThread] WARNING: pipe error: 109: file z:/task_1566861941/build/src/ipc/chromium/src/chrome/common/ipc_channel_win.cc, line 341

###!!! [Child][RunMessage] Error: Channel closing: too late to send/recv, messages will be lost

[GPU 4256, Chrome_ChildThread] WARNING: pipe error: 109: file z:/task_1566861941/build/src/1568038296298	mozrunner::runner	INFO	Running command: "C:\\Program Files (x86)\\Mozilla Firefox\\firefox.exe" "-marionette" "-foreground" "-no-remote" "-profile" "C:\\Users\\ADMINI~1\\AppData\\Local\\Temp\\rust_mozprofile.YUAOduI28wSL"
1568038298193	addons.webextension.screenshots@mozilla.org	WARN	Loading extension 'screenshots@mozilla.org': Reading manifest: Invalid extension permission: mozillaAddons
1568038298193	addons.webextension.screenshots@mozilla.org	WARN	Loading extension 'screenshots@mozilla.org': Reading manifest: Invalid extension permission: telemetry
1568038298194	addons.webextension.screenshots@mozilla.org	WARN	Loading extension 'screenshots@mozilla.org': Reading manifest: Invalid extension permission: resource://pdf.js/
1568038298194	addons.webextension.screenshots@mozilla.org	WARN	Loading extension 'screenshots@mozilla.org': Reading manifest: Invalid extension permission: about:reader*
[GFX1-]: PossiblyBrokenSurfaceSharing_UnexpectedAMDGPU
[GFX1-]: PossiblyBrokenSurfaceSharing_UnexpectedAMDGPU
[GFX1-]: PossiblyBrokenSurfaceSharing_UnexpectedAMDGPU
JavaScript error: resource://gre/modules/XULStore.jsm, line 66: Error: Can't find profile directory.
[GFX1-]: PossiblyBrokenSurfaceSharing_UnexpectedAMDGPU
1568038303560	Marionette	INFO	Listening on port 51081
1568038303921	Marionette	WARN	TLS certificate errors will be ignored for this session
JavaScript error: https://ss1.bdstatic.com/5eN1bjq8AAUYm2zgoY3K/r/www/cache/static/protocol/https/plugins/every_cookie_4644b13.js, line 4: ReferenceError: c is not defined
1568038312383	Marionette	INFO	Stopped listening on port 51081
[Child 2876, Chrome_ChildThread] WARNING: pipe error: 109: file z:/task_1566861941/build/src/ipc/chromium/src/chrome/common/ipc_channel_win.cc, line 341
[Child 2876, Chrome_ChildThread] WARNING: pipe error: 109: file z:/task_1566861941/build/src/ipc/chromium/src/chrome/common/ipc_channel_win.cc, line 341
JavaScript error: resource://gre/modules/UrlClassifierListManager.jsm, line 680: TypeError: this.tablesData[table] is undefined
[Child 5892, Chrome_ChildThread] WARNING: pipe error: 109: file z:/task_1566861941/build/src/ipc/chromium/src/chrome/common/ipc_channel_win.cc, line 341
[Child 5892, Chrome_ChildThread] WARNING: pipe error: [Child 5464, Chrome_ChildThread] WARNING: pipe error
###!!! [Child][RunMessage] Error: Channel closing: too late to send/recv, messages will be lost

[GPU 5316, Chrome_ChildThread] WARNING: pipe error: 109: file z:/task_11568041368870	mozrunner::runner	INFO	Running command: "C:\\Program Files (x86)\\Mozilla Firefox\\firefox.exe" "-marionette" "-foreground" "-no-remote" "-profile" "C:\\Users\\ADMINI~1\\AppData\\Local\\Temp\\rust_mozprofile.wcQGU32flEoF"
1568041370566	addons.webextension.screenshots@mozilla.org	WARN	Loading extension 'screenshots@mozilla.org': Reading manifest: Invalid extension permission: mozillaAddons
1568041370566	addons.webextension.screenshots@mozilla.org	WARN	Loading extension 'screenshots@mozilla.org': Reading manifest: Invalid extension permission: telemetry
1568041370567	addons.webextension.screenshots@mozilla.org	WARN	Loading extension 'screenshots@mozilla.org': Reading manifest: Invalid extension permission: resource://pdf.js/
1568041370567	addons.webextension.screenshots@mozilla.org	WARN	Loading extension 'screenshots@mozilla.org': Reading manifest: Invalid extension permission: about:reader*
[GFX1-]: PossiblyBrokenSurfaceSharing_UnexpectedAMDGPU
[GFX1-]: PossiblyBrokenSurfaceSharing_UnexpectedAMDGPU
[GFX1-]: PossiblyBrokenSurfaceSharing_UnexpectedAMDGPU
JavaScript error: resource://gre/modules/XULStore.jsm, line 66: Error: Can't find profile directory.
[GFX1-]: PossiblyBrokenSurfaceSharing_UnexpectedAMDGPU
1568041377052	Marionette	INFO	Listening on port 54213
1568041377388	Marionette	WARN	TLS certificate errors will be ignored for this session
JavaScript error: https://ss1.bdstatic.com/5eN1bjq8AAUYm2zgoY3K/r/www/cache/static/protocol/https/plugins/every_cookie_4644b13.js, line 4: ReferenceError: c is not defined
1568041385511	Marionette	INFO	Stopped listening on port 54213
[Child 7820, Chrome_ChildThread] WARNING: pipe error: 109: file z:/task_1566861941/build/src/ipc/chromium/src/chrome/common/ipc_channel_win.cc, line 341
[Child 7820, Chrome_ChildThreaJavaScript error: resource://gre/modules/UrlClassifierListManager.jsm, line 680: TypeError: this.tablesData[table] is undefined
[Parent 7632, Gecko_IOThread] WARNING: file z:/task_1566861941/build/src/ipc/chromium/src/base/process_util_win.cc, line 160
[Child 2628, Chrome_ChildThread] WARNING: pipe error: 109: file z:/task_1566861941/build/src/ipc/chromium/src/chrome/common/ipc_channel_win.cc, line 341
[Child 2628, Chrome_ChildThread] [Child 8088, Chrome_ChildThread] WARNING: pipe error: 109: file z:/task_1566861941/build/src/ipc/chromium/src/chrome/common/ipc_channel_win.cc, line 341
[Child 8088, Chrome_ChildThread] WARNING: pipe error: 109: file z:/task_1566861941/build/src/ipc/chromium/src/chrome/common/ipc_channel_win.cc, line 341
[GPU 7012, Chrome_ChildT